<?xml version="1.0" encoding="UTF-8"?>
<testng-results skipped="0" failed="0" total="1" passed="1">
  <reporter-output>
  </reporter-output>
  <suite name="Default suite" duration-ms="65381" started-at="2020-10-16T21:31:18Z" finished-at="2020-10-16T21:32:23Z">
    <groups>
    </groups>
    <test name="Default test" duration-ms="65381" started-at="2020-10-16T21:31:18Z" finished-at="2020-10-16T21:32:23Z">
      <class name="fbTest.fetchRewardsFbMyClass">
        <test-method status="PASS" signature="setUp()[pri:0, instance:fbTest.fetchRewardsFbMyClass@71be98f5]" name="setUp" is-config="true" duration-ms="15004" started-at="2020-10-16T17:31:18Z" finished-at="2020-10-16T17:31:33Z">
          <reporter-output>
          </reporter-output>
        </test-method> <!-- setUp -->
        <test-method status="PASS" signature="MainFunctionality()[pri:0, instance:fbTest.fetchRewardsFbMyClass@71be98f5]" name="MainFunctionality" duration-ms="49853" started-at="2020-10-16T17:31:33Z" finished-at="2020-10-16T17:32:23Z">
          <reporter-output>
          </reporter-output>
        </test-method> <!-- MainFunctionality -->
        <test-method status="PASS" signature="tearDown()[pri:0, instance:fbTest.fetchRewardsFbMyClass@71be98f5]" name="tearDown" is-config="true" duration-ms="509" started-at="2020-10-16T17:32:23Z" finished-at="2020-10-16T17:32:23Z">
          <reporter-output>
          </reporter-output>
        </test-method> <!-- tearDown -->
      </class> <!-- fbTest.fetchRewardsFbMyClass -->
    </test> <!-- Default test -->
  </suite> <!-- Default suite -->
</testng-results>
